{"level":"info","message":"✅ MongoDB conectado exitosamente","timestamp":"2025-07-04T19:38:10.158Z"}
{"level":"info","message":"✅ MongoDB conectado exitosamente","timestamp":"2025-07-04T19:42:25.487Z"}
{"level":"info","message":"✅ MongoDB conectado exitosamente","timestamp":"2025-07-04T19:45:14.491Z"}
{"level":"info","message":"✅ MongoDB conectado exitosamente","timestamp":"2025-07-04T19:45:40.957Z"}
{"level":"info","message":"✅ MongoDB conectado exitosamente","timestamp":"2025-07-04T20:05:00.835Z"}
{"level":"info","message":"🚀 Servidor iniciado en puerto 5000","timestamp":"2025-07-04T20:05:46.989Z"}
{"level":"info","message":"✅ MongoDB conectado exitosamente","timestamp":"2025-07-04T20:05:47.017Z"}
{"level":"info","message":"🚀 Servidor iniciado en puerto 5000","timestamp":"2025-07-04T20:05:47.113Z"}
{"level":"info","message":"🚀 Servidor iniciado en puerto 50001","timestamp":"2025-07-04T20:05:47.117Z"}
{"level":"info","message":"✅ MongoDB conectado exitosamente","timestamp":"2025-07-04T20:05:47.140Z"}
{"level":"info","message":"🚀 Servidor iniciado en puerto 5000","timestamp":"2025-07-04T20:06:52.677Z"}
{"level":"info","message":"🚀 Servidor iniciado en puerto 5000","timestamp":"2025-07-04T20:06:52.679Z"}
{"level":"info","message":"🚀 Servidor iniciado en puerto 50001","timestamp":"2025-07-04T20:06:52.685Z"}
{"level":"info","message":"✅ MongoDB conectado exitosamente","timestamp":"2025-07-04T20:06:52.711Z"}
{"level":"info","message":"✅ MongoDB conectado exitosamente","timestamp":"2025-07-04T20:06:52.712Z"}
{"level":"info","message":"🚀 Servidor iniciado en puerto 5000","timestamp":"2025-07-04T20:06:54.666Z"}
{"level":"info","message":"🚀 Servidor iniciado en puerto 5000","timestamp":"2025-07-04T20:06:54.675Z"}
{"level":"info","message":"🚀 Servidor iniciado en puerto 50001","timestamp":"2025-07-04T20:06:54.678Z"}
{"level":"info","message":"✅ MongoDB conectado exitosamente","timestamp":"2025-07-04T20:06:54.696Z"}
{"level":"info","message":"✅ MongoDB conectado exitosamente","timestamp":"2025-07-04T20:06:54.711Z"}
{"level":"info","message":"🚀 Servidor iniciado en puerto 5000","timestamp":"2025-07-04T20:07:04.314Z"}
{"level":"info","message":"🚀 Servidor iniciado en puerto 5000","timestamp":"2025-07-04T20:07:04.325Z"}
{"level":"info","message":"🚀 Servidor iniciado en puerto 50001","timestamp":"2025-07-04T20:07:04.329Z"}
{"level":"info","message":"✅ MongoDB conectado exitosamente","timestamp":"2025-07-04T20:07:04.342Z"}
{"level":"info","message":"✅ MongoDB conectado exitosamente","timestamp":"2025-07-04T20:07:04.356Z"}
{"level":"info","message":"Servidor corriendo en el puerto 5000","service":"incident-management","timestamp":"2025-07-08 18:26:50"}
{"level":"info","message":"Ambiente: development","service":"incident-management","timestamp":"2025-07-08 18:26:50"}
{"level":"info","message":"CORS configurado para permitir todos los orígenes","service":"incident-management","timestamp":"2025-07-08 18:26:50"}
{"level":"info","message":"Socket.IO configurado","service":"incident-management","timestamp":"2025-07-08 18:26:50"}
{"level":"info","message":"MongoDB conectado exitosamente","service":"incident-management","timestamp":"2025-07-08 18:26:51"}
{"level":"info","message":"Usuario conectado: 68520d90e157bb70fea0919b","service":"incident-management","timestamp":"2025-07-08 18:26:55"}
{"level":"info","message":"Usuario autenticado en Socket.IO: 68520d90e157bb70fea0919b","service":"incident-management","timestamp":"2025-07-08 18:26:55"}
{"level":"info","message":"Servidor corriendo en el puerto 5000","service":"incident-management","timestamp":"2025-07-08 18:26:57"}
{"level":"info","message":"Ambiente: development","service":"incident-management","timestamp":"2025-07-08 18:26:57"}
{"level":"info","message":"CORS configurado para permitir todos los orígenes","service":"incident-management","timestamp":"2025-07-08 18:26:57"}
{"level":"info","message":"Socket.IO configurado","service":"incident-management","timestamp":"2025-07-08 18:26:57"}
{"level":"info","message":"Usuario conectado: 68520d90e157bb70fea0919b","service":"incident-management","timestamp":"2025-07-08 18:26:58"}
{"level":"info","message":"Usuario autenticado en Socket.IO: 68520d90e157bb70fea0919b","service":"incident-management","timestamp":"2025-07-08 18:26:58"}
{"level":"info","message":"MongoDB conectado exitosamente","service":"incident-management","timestamp":"2025-07-08 18:26:58"}
{"level":"info","message":"Usuario desconectado: 68520d90e157bb70fea0919b","service":"incident-management","timestamp":"2025-07-08 18:29:11"}
{"level":"info","message":"Usuario conectado: 68520d90e157bb70fea0919b","service":"incident-management","timestamp":"2025-07-08 18:29:12"}
{"level":"info","message":"Usuario autenticado en Socket.IO: 68520d90e157bb70fea0919b","service":"incident-management","timestamp":"2025-07-08 18:29:12"}
{"level":"info","message":"Usuario desconectado: 68520d90e157bb70fea0919b","service":"incident-management","timestamp":"2025-07-08 19:37:08"}
{"level":"info","message":"Usuario conectado: 68520d90e157bb70fea0919b","service":"incident-management","timestamp":"2025-07-08 19:37:09"}
{"level":"info","message":"Usuario autenticado en Socket.IO: 68520d90e157bb70fea0919b","service":"incident-management","timestamp":"2025-07-08 19:37:09"}
{"level":"info","message":"Servidor corriendo en el puerto 5000","service":"incident-management","timestamp":"2025-07-08 19:53:07"}
{"level":"info","message":"Ambiente: development","service":"incident-management","timestamp":"2025-07-08 19:53:07"}
{"level":"info","message":"CORS configurado para permitir todos los orígenes","service":"incident-management","timestamp":"2025-07-08 19:53:07"}
{"level":"info","message":"Socket.IO configurado","service":"incident-management","timestamp":"2025-07-08 19:53:07"}
{"level":"info","message":"Usuario conectado: 68520d90e157bb70fea0919b","service":"incident-management","timestamp":"2025-07-08 19:53:07"}
{"level":"info","message":"Usuario autenticado en Socket.IO: 68520d90e157bb70fea0919b","service":"incident-management","timestamp":"2025-07-08 19:53:07"}
